<?xml version="1.0" encoding="UTF-8"?>
<!-- Generated by org.testng.reporters.JUnitReportReporter -->
<testsuite hostname="8C12ADCBD38A74E" name="com.baidu.gameqa.generation.DoubiPayTestCase" tests="1" failures="0" timestamp="18 Apr 2014 11:23:35 GMT" time="24.352" errors="0">
  <testcase name="nihao" time="24.352" classname="com.baidu.gameqa.generation.DoubiPayTestCase"/>
</testsuite> <!-- com.baidu.gameqa.generation.DoubiPayTestCase -->
